***************************************************************************************************
*** 
*** This is a custom banner
*** 
***************************************************************************************************
*** 
*** Module Name          : roboguard
*** Project Name         : socketbot
*** Version              : 0.2.0
*** Configured Timezone  : Asia/Singapore
*** 
***************************************************************************************************
*** 
*** Log Number           : #1
*** Process Start Time   : 7/30/2024, 9:32:54 AM
*** Log Start Time       : 7/30/2024, 9:32:54 AM
*** Log Level            : 0
*** Continuing From      : roboguard.Z2024-07-30T01:32:01.103Z.log
*** 
***************************************************************************************************
*** 
*** Hostname             : oneberry
*** OS Release           : 5.15.0-105-generic
*** Platform             : linux
*** NodeJS Version       : 12.22.12
*** OpenSSL Version      : 1.1.1n
*** 
***************************************************************************************************
*** 
*** DEPENDENT NPM PACKAGE DETAILS
*** 
*** socketbot@0.2.0 /opt/robo/web-robot-controller
*** ├── async@3.2.5
*** ├── axios@0.19.2
*** ├── bcrypt@4.0.1
*** ├── body-parser@1.20.2
*** ├── browserify@17.0.0
*** ├── canvas@2.8.0
*** ├── child_process@1.0.2
*** ├── connect-mongo@3.2.0
*** ├── cookie-parser@1.4.5
*** ├── ejs@3.1.10
*** ├── eslint-plugin-security@1.4.0
*** ├── express@4.19.2
*** ├── express-flash@0.0.2
*** ├── express-rate-limit@5.1.1
*** ├── express-session@1.17.1
*** ├── express-socket.io-session@1.3.5
*** ├── helmet@3.22.0
*** ├── method-override@3.0.0
*** ├── mongoose@5.13.22
*** ├── nodemailer@6.9.14
*** ├── passport@0.7.0
*** ├── passport-jwt@4.0.1
*** ├── passport-local@1.0.0
*** ├── passport.socketio@3.7.0
*** ├── perfect-logger@2.0.1
*** ├── rosnodejs@3.1.0
*** ├── safe-regex@2.1.1
*** ├── socket.io@2.5.1
*** ├── socket.io-client@2.4.0
*** └── sweetalert@2.1.2
*** 
*** 
***************************************************************************************************
2024/07/30 | 09:32:56 | CRIT | ROB13-Error: Command failed: rostopic list
ERROR: Unable to communicate with master!

2024/07/30 | 09:32:56 | INFO | ROB13starting ros.
2024/07/30 | 09:33:02 | INFO | /register
2024/07/30 | 09:33:02 | INFO | /login
2024/07/30 | 09:33:02 | INFO | /
2024/07/30 | 09:33:02 | INFO | /login
2024/07/30 | 09:33:02 | INFO | /
2024/07/30 | 09:33:02 | INFO | /login
2024/07/30 | 09:33:13 | INFO | /login
2024/07/30 | 09:33:13 | INFO | valid: true
2024/07/30 | 09:33:15 | INFO | /
2024/07/30 | 09:33:15 | INFO | connection Up
2024/07/30 | 09:33:15 | INFO | /
2024/07/30 | 09:33:15 | INFO | /
2024/07/30 | 10:09:19 | INFO | Closing HTTP Server.
2024/07/30 | 10:09:19 | CRIT | TypeError: socket.request.logout is not a function
2024/07/30 | 10:09:19 | INFO | Socket kQDXjS4fJ2oXWgjSAAAC disconnected.
